2020-11-27 01:02:18.594  INFO 8860 --- [Thread-20] o.s.s.c.ThreadPoolTaskScheduler          : Shutting down ExecutorService 'taskScheduler'
2020-11-27 01:02:18.953  INFO 8860 --- [restartedMain] com.lib.demo.LibraryApplication          : Starting LibraryApplication on PC-38 with PID 8860 (C:\Download\Library\Library\target\classes started by Administrator in C:\Download\Library\Library)
2020-11-27 01:02:18.954  INFO 8860 --- [restartedMain] com.lib.demo.LibraryApplication          : No active profile set, falling back to default profiles: default
2020-11-27 01:02:19.533  INFO 8860 --- [restartedMain] o.s.b.w.embedded.tomcat.TomcatWebServer  : Tomcat initialized with port(s): 8888 (http)
2020-11-27 01:02:19.534  INFO 8860 --- [restartedMain] o.apache.catalina.core.StandardService   : Starting service [Tomcat]
2020-11-27 01:02:19.534  INFO 8860 --- [restartedMain] org.apache.catalina.core.StandardEngine  : Starting Servlet engine: [Apache Tomcat/9.0.39]
2020-11-27 01:02:19.560  INFO 8860 --- [restartedMain] o.a.c.c.C.[Tomcat].[localhost].[/]       : Initializing Spring embedded WebApplicationContext
2020-11-27 01:02:19.560  INFO 8860 --- [restartedMain] w.s.c.ServletWebServerApplicationContext : Root WebApplicationContext: initialization completed in 603 ms
2020-11-27 01:02:19.975  INFO 8860 --- [restartedMain] com.lib.demo.config.ExecutorConfig       : Start Create ThreadPool
2020-11-27 01:02:20.037  INFO 8860 --- [restartedMain] o.s.b.d.a.OptionalLiveReloadServer       : LiveReload server is running on port 35729
2020-11-27 01:02:20.121  INFO 8860 --- [restartedMain] o.s.s.c.ThreadPoolTaskScheduler          : Initializing ExecutorService 'taskScheduler'
2020-11-27 01:02:20.226  INFO 8860 --- [restartedMain] d.s.w.p.DocumentationPluginsBootstrapper : Context refreshed
2020-11-27 01:02:20.228  INFO 8860 --- [restartedMain] d.s.w.p.DocumentationPluginsBootstrapper : Found 1 custom documentation plugin(s)
2020-11-27 01:02:20.230  INFO 8860 --- [restartedMain] s.d.s.w.s.ApiListingReferenceScanner     : Scanning for api listing references
2020-11-27 01:02:20.279  INFO 8860 --- [restartedMain] .d.s.w.r.o.CachingOperationNameGenerator : Generating unique operation named: insertBookUsingPOST_1
2020-11-27 01:02:20.417  INFO 8860 --- [restartedMain] o.s.b.w.embedded.tomcat.TomcatWebServer  : Tomcat started on port(s): 8888 (http) with context path ''
2020-11-27 01:02:20.418  INFO 8860 --- [restartedMain] com.lib.demo.LibraryApplication          : Started LibraryApplication in 1.51 seconds (JVM running for 350.621)
2020-11-27 01:02:20.420  INFO 8860 --- [restartedMain] .ConditionEvaluationDeltaLoggingListener : Condition evaluation unchanged
2020-11-27 01:02:26.448  INFO 8860 --- [Thread-26] o.s.s.c.ThreadPoolTaskScheduler          : Shutting down ExecutorService 'taskScheduler'
2020-11-27 01:02:26.734  INFO 8860 --- [restartedMain] com.lib.demo.LibraryApplication          : Starting LibraryApplication on PC-38 with PID 8860 (C:\Download\Library\Library\target\classes started by Administrator in C:\Download\Library\Library)
2020-11-27 01:02:26.734  INFO 8860 --- [restartedMain] com.lib.demo.LibraryApplication          : No active profile set, falling back to default profiles: default
2020-11-27 01:02:27.254  INFO 8860 --- [restartedMain] o.s.b.w.embedded.tomcat.TomcatWebServer  : Tomcat initialized with port(s): 8888 (http)
2020-11-27 01:02:27.254  INFO 8860 --- [restartedMain] o.apache.catalina.core.StandardService   : Starting service [Tomcat]
2020-11-27 01:02:27.254  INFO 8860 --- [restartedMain] org.apache.catalina.core.StandardEngine  : Starting Servlet engine: [Apache Tomcat/9.0.39]
2020-11-27 01:02:27.281  INFO 8860 --- [restartedMain] o.a.c.c.C.[Tomcat].[localhost].[/]       : Initializing Spring embedded WebApplicationContext
2020-11-27 01:02:27.281  INFO 8860 --- [restartedMain] w.s.c.ServletWebServerApplicationContext : Root WebApplicationContext: initialization completed in 543 ms
2020-11-27 01:02:27.793  INFO 8860 --- [restartedMain] com.lib.demo.config.ExecutorConfig       : Start Create ThreadPool
2020-11-27 01:02:27.854  INFO 8860 --- [restartedMain] o.s.b.d.a.OptionalLiveReloadServer       : LiveReload server is running on port 35729
2020-11-27 01:02:27.927  INFO 8860 --- [restartedMain] o.s.s.c.ThreadPoolTaskScheduler          : Initializing ExecutorService 'taskScheduler'
2020-11-27 01:02:27.992  INFO 8860 --- [restartedMain] d.s.w.p.DocumentationPluginsBootstrapper : Context refreshed
2020-11-27 01:02:27.993  INFO 8860 --- [restartedMain] d.s.w.p.DocumentationPluginsBootstrapper : Found 1 custom documentation plugin(s)
2020-11-27 01:02:27.995  INFO 8860 --- [restartedMain] s.d.s.w.s.ApiListingReferenceScanner     : Scanning for api listing references
2020-11-27 01:02:28.024  INFO 8860 --- [restartedMain] .d.s.w.r.o.CachingOperationNameGenerator : Generating unique operation named: insertBookUsingPOST_1
2020-11-27 01:02:28.128  INFO 8860 --- [restartedMain] o.s.b.w.embedded.tomcat.TomcatWebServer  : Tomcat started on port(s): 8888 (http) with context path ''
2020-11-27 01:02:28.129  INFO 8860 --- [restartedMain] com.lib.demo.LibraryApplication          : Started LibraryApplication in 1.438 seconds (JVM running for 390.731)
2020-11-27 01:02:28.131  INFO 8860 --- [restartedMain] .ConditionEvaluationDeltaLoggingListener : Condition evaluation unchanged
2020-11-27 01:02:16.418  INFO 8860 --- [Thread-31] o.s.s.c.ThreadPoolTaskScheduler          : Shutting down ExecutorService 'taskScheduler'
2020-11-27 01:02:16.806  INFO 8860 --- [restartedMain] com.lib.demo.LibraryApplication          : Starting LibraryApplication on PC-38 with PID 8860 (C:\Download\Library\Library\target\classes started by Administrator in C:\Download\Library\Library)
2020-11-27 01:02:16.807  INFO 8860 --- [restartedMain] com.lib.demo.LibraryApplication          : No active profile set, falling back to default profiles: default
2020-11-27 01:02:17.437  INFO 8860 --- [restartedMain] o.s.b.w.embedded.tomcat.TomcatWebServer  : Tomcat initialized with port(s): 8888 (http)
2020-11-27 01:02:17.438  INFO 8860 --- [restartedMain] o.apache.catalina.core.StandardService   : Starting service [Tomcat]
2020-11-27 01:02:17.438  INFO 8860 --- [restartedMain] org.apache.catalina.core.StandardEngine  : Starting Servlet engine: [Apache Tomcat/9.0.39]
2020-11-27 01:02:17.462  INFO 8860 --- [restartedMain] o.a.c.c.C.[Tomcat].[localhost].[/]       : Initializing Spring embedded WebApplicationContext
2020-11-27 01:02:17.462  INFO 8860 --- [restartedMain] w.s.c.ServletWebServerApplicationContext : Root WebApplicationContext: initialization completed in 650 ms
2020-11-27 01:02:17.901  INFO 8860 --- [restartedMain] com.lib.demo.config.ExecutorConfig       : Start Create ThreadPool
2020-11-27 01:02:17.967  INFO 8860 --- [restartedMain] o.s.b.d.a.OptionalLiveReloadServer       : LiveReload server is running on port 35729
2020-11-27 01:02:18.032  INFO 8860 --- [restartedMain] o.s.s.c.ThreadPoolTaskScheduler          : Initializing ExecutorService 'taskScheduler'
2020-11-27 01:02:18.101  INFO 8860 --- [restartedMain] d.s.w.p.DocumentationPluginsBootstrapper : Context refreshed
2020-11-27 01:02:18.102  INFO 8860 --- [restartedMain] d.s.w.p.DocumentationPluginsBootstrapper : Found 1 custom documentation plugin(s)
2020-11-27 01:02:18.104  INFO 8860 --- [restartedMain] s.d.s.w.s.ApiListingReferenceScanner     : Scanning for api listing references
2020-11-27 01:02:18.140  INFO 8860 --- [restartedMain] .d.s.w.r.o.CachingOperationNameGenerator : Generating unique operation named: insertBookUsingPOST_1
2020-11-27 01:02:18.248  INFO 8860 --- [restartedMain] o.s.b.w.embedded.tomcat.TomcatWebServer  : Tomcat started on port(s): 8888 (http) with context path ''
2020-11-27 01:02:18.249  INFO 8860 --- [restartedMain] com.lib.demo.LibraryApplication          : Started LibraryApplication in 1.496 seconds (JVM running for 423.832)
2020-11-27 01:02:18.251  INFO 8860 --- [restartedMain] .ConditionEvaluationDeltaLoggingListener : Condition evaluation unchanged
2020-11-27 01:03:57.338  INFO 8860 --- [RMI TCP Connection(15)-127.0.0.1] inMXBeanRegistrar$SpringApplicationAdmin : Application shutdown requested.
2020-11-27 01:03:57.341  INFO 8860 --- [RMI TCP Connection(15)-127.0.0.1] o.s.s.c.ThreadPoolTaskScheduler          : Shutting down ExecutorService 'taskScheduler'
2020-11-27 01:04:01.607  INFO 10348 --- [restartedMain] com.lib.demo.LibraryApplication          : Starting LibraryApplication on PC-38 with PID 10348 (C:\Download\Library\Library\target\classes started by Administrator in C:\Download\Library\Library)
2020-11-27 01:04:01.610  INFO 10348 --- [restartedMain] com.lib.demo.LibraryApplication          : No active profile set, falling back to default profiles: default
2020-11-27 01:04:01.689  INFO 10348 --- [restartedMain] .e.DevToolsPropertyDefaultsPostProcessor : Devtools property defaults active! Set 'spring.devtools.add-properties' to 'false' to disable
2020-11-27 01:04:01.690  INFO 10348 --- [restartedMain] .e.DevToolsPropertyDefaultsPostProcessor : For additional web related logging consider setting the 'logging.level.web' property to 'DEBUG'
2020-11-27 01:04:03.466  INFO 10348 --- [restartedMain] o.s.b.w.embedded.tomcat.TomcatWebServer  : Tomcat initialized with port(s): 8888 (http)
2020-11-27 01:04:03.478  INFO 10348 --- [restartedMain] o.apache.catalina.core.StandardService   : Starting service [Tomcat]
2020-11-27 01:04:03.479  INFO 10348 --- [restartedMain] org.apache.catalina.core.StandardEngine  : Starting Servlet engine: [Apache Tomcat/9.0.39]
2020-11-27 01:04:03.596  INFO 10348 --- [restartedMain] o.a.c.c.C.[Tomcat].[localhost].[/]       : Initializing Spring embedded WebApplicationContext
2020-11-27 01:04:03.597  INFO 10348 --- [restartedMain] w.s.c.ServletWebServerApplicationContext : Root WebApplicationContext: initialization completed in 1906 ms
2020-11-27 01:04:04.942  INFO 10348 --- [restartedMain] com.lib.demo.config.ExecutorConfig       : Start Create ThreadPool
2020-11-27 01:04:05.100  INFO 10348 --- [restartedMain] o.s.b.d.a.OptionalLiveReloadServer       : LiveReload server is running on port 35729
2020-11-27 01:04:05.324  INFO 10348 --- [restartedMain] o.s.s.c.ThreadPoolTaskScheduler          : Initializing ExecutorService 'taskScheduler'
2020-11-27 01:04:05.425  INFO 10348 --- [restartedMain] d.s.w.p.DocumentationPluginsBootstrapper : Context refreshed
2020-11-27 01:04:05.441  INFO 10348 --- [restartedMain] d.s.w.p.DocumentationPluginsBootstrapper : Found 1 custom documentation plugin(s)
2020-11-27 01:04:05.457  INFO 10348 --- [restartedMain] s.d.s.w.s.ApiListingReferenceScanner     : Scanning for api listing references
2020-11-27 01:04:05.630  INFO 10348 --- [restartedMain] .d.s.w.r.o.CachingOperationNameGenerator : Generating unique operation named: insertBookUsingPOST_1
2020-11-27 01:04:05.839  INFO 10348 --- [restartedMain] o.s.b.w.embedded.tomcat.TomcatWebServer  : Tomcat started on port(s): 8888 (http) with context path ''
2020-11-27 01:04:05.843  INFO 10348 --- [restartedMain] com.lib.demo.LibraryApplication          : Started LibraryApplication in 4.683 seconds (JVM running for 5.558)
2020-11-26 18:02:24.935  INFO 10348 --- [Thread-6] o.s.s.c.ThreadPoolTaskScheduler          : Shutting down ExecutorService 'taskScheduler'
2020-11-26 18:02:25.267  INFO 10348 --- [restartedMain] com.lib.demo.LibraryApplication          : Starting LibraryApplication on PC-38 with PID 10348 (C:\Download\Library\Library\target\classes started by Administrator in C:\Download\Library\Library)
2020-11-26 18:02:25.267  INFO 10348 --- [restartedMain] com.lib.demo.LibraryApplication          : No active profile set, falling back to default profiles: default
2020-11-26 18:02:25.918  INFO 10348 --- [restartedMain] o.s.b.w.embedded.tomcat.TomcatWebServer  : Tomcat initialized with port(s): 8888 (http)
2020-11-26 18:02:25.919  INFO 10348 --- [restartedMain] o.apache.catalina.core.StandardService   : Starting service [Tomcat]
2020-11-26 18:02:25.919  INFO 10348 --- [restartedMain] org.apache.catalina.core.StandardEngine  : Starting Servlet engine: [Apache Tomcat/9.0.39]
2020-11-26 18:02:25.946  INFO 10348 --- [restartedMain] o.a.c.c.C.[Tomcat].[localhost].[/]       : Initializing Spring embedded WebApplicationContext
2020-11-26 18:02:25.946  INFO 10348 --- [restartedMain] w.s.c.ServletWebServerApplicationContext : Root WebApplicationContext: initialization completed in 674 ms
2020-11-26 18:02:26.521  INFO 10348 --- [restartedMain] com.lib.demo.config.ExecutorConfig       : Start Create ThreadPool
2020-11-26 18:02:26.604  INFO 10348 --- [restartedMain] o.s.b.d.a.OptionalLiveReloadServer       : LiveReload server is running on port 35729
2020-11-26 18:02:26.721  INFO 10348 --- [restartedMain] o.s.s.c.ThreadPoolTaskScheduler          : Initializing ExecutorService 'taskScheduler'
2020-11-26 18:02:26.839  INFO 10348 --- [restartedMain] d.s.w.p.DocumentationPluginsBootstrapper : Context refreshed
2020-11-26 18:02:26.840  INFO 10348 --- [restartedMain] d.s.w.p.DocumentationPluginsBootstrapper : Found 1 custom documentation plugin(s)
2020-11-26 18:02:26.843  INFO 10348 --- [restartedMain] s.d.s.w.s.ApiListingReferenceScanner     : Scanning for api listing references
2020-11-26 18:02:26.897  INFO 10348 --- [restartedMain] .d.s.w.r.o.CachingOperationNameGenerator : Generating unique operation named: insertBookUsingPOST_1
2020-11-26 18:02:27.106  INFO 10348 --- [restartedMain] o.s.b.w.embedded.tomcat.TomcatWebServer  : Tomcat started on port(s): 8888 (http) with context path ''
2020-11-26 18:02:27.108  INFO 10348 --- [restartedMain] com.lib.demo.LibraryApplication          : Started LibraryApplication in 1.888 seconds (JVM running for 162.576)
2020-11-26 18:02:27.113  INFO 10348 --- [restartedMain] .ConditionEvaluationDeltaLoggingListener : Condition evaluation unchanged
2020-11-26 18:02:27.952  INFO 10348 --- [RMI TCP Connection(4)-127.0.0.1] inMXBeanRegistrar$SpringApplicationAdmin : Application shutdown requested.
2020-11-26 18:02:27.960  INFO 10348 --- [RMI TCP Connection(4)-127.0.0.1] o.s.s.c.ThreadPoolTaskScheduler          : Shutting down ExecutorService 'taskScheduler'
2020-11-26 18:02:32.013  INFO 10632 --- [restartedMain] com.lib.demo.LibraryApplication          : Starting LibraryApplication on PC-38 with PID 10632 (C:\Download\Library\Library\target\classes started by Administrator in C:\Download\Library\Library)
2020-11-26 18:02:32.016  INFO 10632 --- [restartedMain] com.lib.demo.LibraryApplication          : No active profile set, falling back to default profiles: default
2020-11-26 18:02:32.086  INFO 10632 --- [restartedMain] .e.DevToolsPropertyDefaultsPostProcessor : Devtools property defaults active! Set 'spring.devtools.add-properties' to 'false' to disable
2020-11-26 18:02:32.087  INFO 10632 --- [restartedMain] .e.DevToolsPropertyDefaultsPostProcessor : For additional web related logging consider setting the 'logging.level.web' property to 'DEBUG'
2020-11-26 18:02:33.953  INFO 10632 --- [restartedMain] o.s.b.w.embedded.tomcat.TomcatWebServer  : Tomcat initialized with port(s): 8888 (http)
2020-11-26 18:02:33.963  INFO 10632 --- [restartedMain] o.apache.catalina.core.StandardService   : Starting service [Tomcat]
2020-11-26 18:02:33.963  INFO 10632 --- [restartedMain] org.apache.catalina.core.StandardEngine  : Starting Servlet engine: [Apache Tomcat/9.0.39]
2020-11-26 18:02:34.065  INFO 10632 --- [restartedMain] o.a.c.c.C.[Tomcat].[localhost].[/]       : Initializing Spring embedded WebApplicationContext
2020-11-26 18:02:34.066  INFO 10632 --- [restartedMain] w.s.c.ServletWebServerApplicationContext : Root WebApplicationContext: initialization completed in 1978 ms
2020-11-26 18:02:35.344  INFO 10632 --- [restartedMain] com.lib.demo.config.ExecutorConfig       : Start Create ThreadPool
2020-11-26 18:02:35.499  INFO 10632 --- [restartedMain] o.s.b.d.a.OptionalLiveReloadServer       : LiveReload server is running on port 35729
2020-11-26 18:02:35.717  INFO 10632 --- [restartedMain] o.s.s.c.ThreadPoolTaskScheduler          : Initializing ExecutorService 'taskScheduler'
2020-11-26 18:02:35.825  INFO 10632 --- [restartedMain] d.s.w.p.DocumentationPluginsBootstrapper : Context refreshed
2020-11-26 18:02:35.839  INFO 10632 --- [restartedMain] d.s.w.p.DocumentationPluginsBootstrapper : Found 1 custom documentation plugin(s)
2020-11-26 18:02:35.852  INFO 10632 --- [restartedMain] s.d.s.w.s.ApiListingReferenceScanner     : Scanning for api listing references
2020-11-26 18:02:36.033  INFO 10632 --- [restartedMain] .d.s.w.r.o.CachingOperationNameGenerator : Generating unique operation named: insertBookUsingPOST_1
2020-11-26 18:02:36.218  INFO 10632 --- [restartedMain] o.s.b.w.embedded.tomcat.TomcatWebServer  : Tomcat started on port(s): 8888 (http) with context path ''
2020-11-26 18:02:36.222  INFO 10632 --- [restartedMain] com.lib.demo.LibraryApplication          : Started LibraryApplication in 4.692 seconds (JVM running for 5.627)
2020-11-26 18:03:00.092  INFO 10632 --- [pool-1-thread-1] com.zaxxer.hikari.HikariDataSource       : HikariPool-1 - Starting...
2020-11-26 18:03:00.289  INFO 10632 --- [pool-1-thread-1] com.zaxxer.hikari.HikariDataSource       : HikariPool-1 - Start completed.
2020-11-26 18:03:01.803  INFO 10632 --- [pool-1-thread-1] com.lib.demo.config.ExecutorConfig       : 线程：pool-1-thread-1正在发送邮件.........
2020-11-26 18:03:02.685  INFO 10632 --- [pool-1-thread-1] com.lib.demo.config.ExecutorConfig       : 线程：pool-1-thread-1正在发送邮件.........
2020-11-26 18:04:27.570  INFO 10632 --- [http-nio-8888-exec-2] o.a.c.c.C.[Tomcat].[localhost].[/]       : Initializing Spring DispatcherServlet 'dispatcherServlet'
2020-11-26 18:04:27.571  INFO 10632 --- [http-nio-8888-exec-2] o.s.web.servlet.DispatcherServlet        : Initializing Servlet 'dispatcherServlet'
2020-11-26 18:04:27.582  INFO 10632 --- [http-nio-8888-exec-2] o.s.web.servlet.DispatcherServlet        : Completed initialization in 10 ms
2020-11-26 18:05:36.117  INFO 10632 --- [Thread-6] o.s.s.c.ThreadPoolTaskScheduler          : Shutting down ExecutorService 'taskScheduler'
2020-11-26 18:05:36.121  INFO 10632 --- [Thread-6] com.zaxxer.hikari.HikariDataSource       : HikariPool-1 - Shutdown initiated...
2020-11-26 18:05:36.127  INFO 10632 --- [Thread-6] com.zaxxer.hikari.HikariDataSource       : HikariPool-1 - Shutdown completed.
2020-11-26 18:05:36.448  INFO 10632 --- [restartedMain] com.lib.demo.LibraryApplication          : Starting LibraryApplication on PC-38 with PID 10632 (C:\Download\Library\Library\target\classes started by Administrator in C:\Download\Library\Library)
2020-11-26 18:05:36.449  INFO 10632 --- [restartedMain] com.lib.demo.LibraryApplication          : No active profile set, falling back to default profiles: default
2020-11-26 18:05:37.122  INFO 10632 --- [restartedMain] o.s.b.w.embedded.tomcat.TomcatWebServer  : Tomcat initialized with port(s): 8888 (http)
2020-11-26 18:05:37.122  INFO 10632 --- [restartedMain] o.apache.catalina.core.StandardService   : Starting service [Tomcat]
2020-11-26 18:05:37.123  INFO 10632 --- [restartedMain] org.apache.catalina.core.StandardEngine  : Starting Servlet engine: [Apache Tomcat/9.0.39]
2020-11-26 18:05:37.150  INFO 10632 --- [restartedMain] o.a.c.c.C.[Tomcat].[localhost].[/]       : Initializing Spring embedded WebApplicationContext
2020-11-26 18:05:37.150  INFO 10632 --- [restartedMain] w.s.c.ServletWebServerApplicationContext : Root WebApplicationContext: initialization completed in 697 ms
2020-11-26 18:05:37.712  INFO 10632 --- [restartedMain] com.lib.demo.config.ExecutorConfig       : Start Create ThreadPool
2020-11-26 18:05:37.771  INFO 10632 --- [restartedMain] o.s.b.d.a.OptionalLiveReloadServer       : LiveReload server is running on port 35729
2020-11-26 18:05:37.837  INFO 10632 --- [restartedMain] o.s.s.c.ThreadPoolTaskScheduler          : Initializing ExecutorService 'taskScheduler'
2020-11-26 18:05:37.904  INFO 10632 --- [restartedMain] d.s.w.p.DocumentationPluginsBootstrapper : Context refreshed
2020-11-26 18:05:37.905  INFO 10632 --- [restartedMain] d.s.w.p.DocumentationPluginsBootstrapper : Found 1 custom documentation plugin(s)
2020-11-26 18:05:37.907  INFO 10632 --- [restartedMain] s.d.s.w.s.ApiListingReferenceScanner     : Scanning for api listing references
2020-11-26 18:05:37.949  INFO 10632 --- [restartedMain] .d.s.w.r.o.CachingOperationNameGenerator : Generating unique operation named: insertBookUsingPOST_1
2020-11-26 18:05:38.089  INFO 10632 --- [restartedMain] o.s.b.w.embedded.tomcat.TomcatWebServer  : Tomcat started on port(s): 8888 (http) with context path ''
2020-11-26 18:05:38.090  INFO 10632 --- [restartedMain] com.lib.demo.LibraryApplication          : Started LibraryApplication in 1.691 seconds (JVM running for 186.207)
2020-11-26 18:05:38.093  INFO 10632 --- [restartedMain] .ConditionEvaluationDeltaLoggingListener : Condition evaluation unchanged
2020-11-26 18:06:00.016  INFO 10632 --- [pool-2-thread-1] com.zaxxer.hikari.HikariDataSource       : HikariPool-2 - Starting...
2020-11-26 18:06:00.027  INFO 10632 --- [pool-2-thread-1] com.zaxxer.hikari.HikariDataSource       : HikariPool-2 - Start completed.
2020-11-26 18:06:01.165  INFO 10632 --- [pool-2-thread-1] com.lib.demo.config.ExecutorConfig       : 线程：pool-2-thread-1正在发送邮件.........
2020-11-26 18:06:02.047  INFO 10632 --- [pool-2-thread-1] com.lib.demo.config.ExecutorConfig       : 线程：pool-2-thread-1正在发送邮件.........
2020-11-26 18:06:13.185  INFO 10632 --- [http-nio-8888-exec-1] o.a.c.c.C.[Tomcat].[localhost].[/]       : Initializing Spring DispatcherServlet 'dispatcherServlet'
2020-11-26 18:06:13.186  INFO 10632 --- [http-nio-8888-exec-1] o.s.web.servlet.DispatcherServlet        : Initializing Servlet 'dispatcherServlet'
2020-11-26 18:06:13.193  INFO 10632 --- [http-nio-8888-exec-1] o.s.web.servlet.DispatcherServlet        : Completed initialization in 6 ms
2020-11-26 18:11:26.126  INFO 10632 --- [Thread-10] o.s.s.c.ThreadPoolTaskScheduler          : Shutting down ExecutorService 'taskScheduler'
2020-11-26 18:11:26.129  INFO 10632 --- [Thread-10] com.zaxxer.hikari.HikariDataSource       : HikariPool-2 - Shutdown initiated...
2020-11-26 18:11:26.133  INFO 10632 --- [Thread-10] com.zaxxer.hikari.HikariDataSource       : HikariPool-2 - Shutdown completed.
2020-11-26 18:11:26.467  INFO 10632 --- [restartedMain] com.lib.demo.LibraryApplication          : Starting LibraryApplication on PC-38 with PID 10632 (C:\Download\Library\Library\target\classes started by Administrator in C:\Download\Library\Library)
2020-11-26 18:11:26.467  INFO 10632 --- [restartedMain] com.lib.demo.LibraryApplication          : No active profile set, falling back to default profiles: default
2020-11-26 18:11:27.057  INFO 10632 --- [restartedMain] o.s.b.w.embedded.tomcat.TomcatWebServer  : Tomcat initialized with port(s): 8888 (http)
2020-11-26 18:11:27.058  INFO 10632 --- [restartedMain] o.apache.catalina.core.StandardService   : Starting service [Tomcat]
2020-11-26 18:11:27.058  INFO 10632 --- [restartedMain] org.apache.catalina.core.StandardEngine  : Starting Servlet engine: [Apache Tomcat/9.0.39]
2020-11-26 18:11:27.084  INFO 10632 --- [restartedMain] o.a.c.c.C.[Tomcat].[localhost].[/]       : Initializing Spring embedded WebApplicationContext
2020-11-26 18:11:27.084  INFO 10632 --- [restartedMain] w.s.c.ServletWebServerApplicationContext : Root WebApplicationContext: initialization completed in 614 ms
2020-11-26 18:11:27.552  INFO 10632 --- [restartedMain] com.lib.demo.config.ExecutorConfig       : Start Create ThreadPool
2020-11-26 18:11:27.615  INFO 10632 --- [restartedMain] o.s.b.d.a.OptionalLiveReloadServer       : LiveReload server is running on port 35729
2020-11-26 18:11:27.682  INFO 10632 --- [restartedMain] o.s.s.c.ThreadPoolTaskScheduler          : Initializing ExecutorService 'taskScheduler'
2020-11-26 18:11:27.747  INFO 10632 --- [restartedMain] d.s.w.p.DocumentationPluginsBootstrapper : Context refreshed
2020-11-26 18:11:27.748  INFO 10632 --- [restartedMain] d.s.w.p.DocumentationPluginsBootstrapper : Found 1 custom documentation plugin(s)
2020-11-26 18:11:27.750  INFO 10632 --- [restartedMain] s.d.s.w.s.ApiListingReferenceScanner     : Scanning for api listing references
2020-11-26 18:11:27.802  INFO 10632 --- [restartedMain] .d.s.w.r.o.CachingOperationNameGenerator : Generating unique operation named: insertBookUsingPOST_1
2020-11-26 18:11:27.912  INFO 10632 --- [restartedMain] o.s.b.w.embedded.tomcat.TomcatWebServer  : Tomcat started on port(s): 8888 (http) with context path ''
2020-11-26 18:11:27.913  INFO 10632 --- [restartedMain] com.lib.demo.LibraryApplication          : Started LibraryApplication in 1.489 seconds (JVM running for 536.018)
2020-11-26 18:11:27.915  INFO 10632 --- [restartedMain] .ConditionEvaluationDeltaLoggingListener : Condition evaluation unchanged
2020-11-26 19:00:33.180  INFO 10632 --- [Thread-15] o.s.s.c.ThreadPoolTaskScheduler          : Shutting down ExecutorService 'taskScheduler'
2020-11-26 19:00:33.552  INFO 10632 --- [restartedMain] com.lib.demo.LibraryApplication          : Starting LibraryApplication on PC-38 with PID 10632 (C:\Download\Library\Library\target\classes started by Administrator in C:\Download\Library\Library)
2020-11-26 19:00:33.552  INFO 10632 --- [restartedMain] com.lib.demo.LibraryApplication          : No active profile set, falling back to default profiles: default
2020-11-26 19:00:34.243  INFO 10632 --- [restartedMain] o.s.b.w.embedded.tomcat.TomcatWebServer  : Tomcat initialized with port(s): 8888 (http)
2020-11-26 19:00:34.244  INFO 10632 --- [restartedMain] o.apache.catalina.core.StandardService   : Starting service [Tomcat]
2020-11-26 19:00:34.245  INFO 10632 --- [restartedMain] org.apache.catalina.core.StandardEngine  : Starting Servlet engine: [Apache Tomcat/9.0.39]
2020-11-26 19:00:34.277  INFO 10632 --- [restartedMain] o.a.c.c.C.[Tomcat].[localhost].[/]       : Initializing Spring embedded WebApplicationContext
2020-11-26 19:00:34.277  INFO 10632 --- [restartedMain] w.s.c.ServletWebServerApplicationContext : Root WebApplicationContext: initialization completed in 718 ms
2020-11-26 19:00:34.784  INFO 10632 --- [restartedMain] com.lib.demo.config.ExecutorConfig       : Start Create ThreadPool
2020-11-26 19:00:34.845  INFO 10632 --- [restartedMain] o.s.b.d.a.OptionalLiveReloadServer       : LiveReload server is running on port 35729
2020-11-26 19:00:34.912  INFO 10632 --- [restartedMain] o.s.s.c.ThreadPoolTaskScheduler          : Initializing ExecutorService 'taskScheduler'
2020-11-26 19:00:34.977  INFO 10632 --- [restartedMain] d.s.w.p.DocumentationPluginsBootstrapper : Context refreshed
2020-11-26 19:00:34.978  INFO 10632 --- [restartedMain] d.s.w.p.DocumentationPluginsBootstrapper : Found 1 custom documentation plugin(s)
2020-11-26 19:00:34.980  INFO 10632 --- [restartedMain] s.d.s.w.s.ApiListingReferenceScanner     : Scanning for api listing references
2020-11-26 19:00:35.012  INFO 10632 --- [restartedMain] .d.s.w.r.o.CachingOperationNameGenerator : Generating unique operation named: insertBookUsingPOST_1
2020-11-26 19:00:35.142  INFO 10632 --- [restartedMain] o.s.b.w.embedded.tomcat.TomcatWebServer  : Tomcat started on port(s): 8888 (http) with context path ''
2020-11-26 19:00:35.143  INFO 10632 --- [restartedMain] com.lib.demo.LibraryApplication          : Started LibraryApplication in 1.652 seconds (JVM running for 605.252)
2020-11-26 19:00:35.146  INFO 10632 --- [restartedMain] .ConditionEvaluationDeltaLoggingListener : Condition evaluation unchanged
2020-11-26 19:02:17.214  INFO 10632 --- [RMI TCP Connection(15)-127.0.0.1] inMXBeanRegistrar$SpringApplicationAdmin : Application shutdown requested.
2020-11-26 19:02:17.218  INFO 10632 --- [RMI TCP Connection(15)-127.0.0.1] o.s.s.c.ThreadPoolTaskScheduler          : Shutting down ExecutorService 'taskScheduler'
2020-11-26 19:02:22.831  INFO 11204 --- [restartedMain] com.lib.demo.LibraryApplication          : Starting LibraryApplication on PC-38 with PID 11204 (C:\Download\Library\Library\target\classes started by Administrator in C:\Download\Library\Library)
2020-11-26 19:02:22.835  INFO 11204 --- [restartedMain] com.lib.demo.LibraryApplication          : No active profile set, falling back to default profiles: default
2020-11-26 19:02:22.911  INFO 11204 --- [restartedMain] .e.DevToolsPropertyDefaultsPostProcessor : Devtools property defaults active! Set 'spring.devtools.add-properties' to 'false' to disable
2020-11-26 19:02:22.912  INFO 11204 --- [restartedMain] .e.DevToolsPropertyDefaultsPostProcessor : For additional web related logging consider setting the 'logging.level.web' property to 'DEBUG'
2020-11-26 19:02:24.697  INFO 11204 --- [restartedMain] o.s.b.w.embedded.tomcat.TomcatWebServer  : Tomcat initialized with port(s): 8888 (http)
2020-11-26 19:02:24.708  INFO 11204 --- [restartedMain] o.apache.catalina.core.StandardService   : Starting service [Tomcat]
2020-11-26 19:02:24.709  INFO 11204 --- [restartedMain] org.apache.catalina.core.StandardEngine  : Starting Servlet engine: [Apache Tomcat/9.0.39]
2020-11-26 19:02:24.816  INFO 11204 --- [restartedMain] o.a.c.c.C.[Tomcat].[localhost].[/]       : Initializing Spring embedded WebApplicationContext
2020-11-26 19:02:24.817  INFO 11204 --- [restartedMain] w.s.c.ServletWebServerApplicationContext : Root WebApplicationContext: initialization completed in 1904 ms
2020-11-26 19:02:26.162  INFO 11204 --- [restartedMain] com.lib.demo.config.ExecutorConfig       : Start Create ThreadPool
2020-11-26 19:02:26.320  INFO 11204 --- [restartedMain] o.s.b.d.a.OptionalLiveReloadServer       : LiveReload server is running on port 35729
2020-11-26 19:02:26.541  INFO 11204 --- [restartedMain] o.s.s.c.ThreadPoolTaskScheduler          : Initializing ExecutorService 'taskScheduler'
2020-11-26 19:02:26.640  INFO 11204 --- [restartedMain] d.s.w.p.DocumentationPluginsBootstrapper : Context refreshed
2020-11-26 19:02:26.657  INFO 11204 --- [restartedMain] d.s.w.p.DocumentationPluginsBootstrapper : Found 1 custom documentation plugin(s)
2020-11-26 19:02:26.670  INFO 11204 --- [restartedMain] s.d.s.w.s.ApiListingReferenceScanner     : Scanning for api listing references
2020-11-26 19:02:26.857  INFO 11204 --- [restartedMain] .d.s.w.r.o.CachingOperationNameGenerator : Generating unique operation named: insertBookUsingPOST_1
2020-11-26 19:02:27.039  INFO 11204 --- [restartedMain] o.s.b.w.embedded.tomcat.TomcatWebServer  : Tomcat started on port(s): 8888 (http) with context path ''
2020-11-26 19:02:27.043  INFO 11204 --- [restartedMain] com.lib.demo.LibraryApplication          : Started LibraryApplication in 4.713 seconds (JVM running for 5.55)
2020-11-26 19:02:39.402  INFO 11204 --- [Thread-6] o.s.s.c.ThreadPoolTaskScheduler          : Shutting down ExecutorService 'taskScheduler'
2020-11-26 19:02:39.710  INFO 11204 --- [restartedMain] com.lib.demo.LibraryApplication          : Starting LibraryApplication on PC-38 with PID 11204 (C:\Download\Library\Library\target\classes started by Administrator in C:\Download\Library\Library)
2020-11-26 19:02:39.711  INFO 11204 --- [restartedMain] com.lib.demo.LibraryApplication          : No active profile set, falling back to default profiles: default
2020-11-26 19:02:40.324  INFO 11204 --- [restartedMain] o.s.b.w.embedded.tomcat.TomcatWebServer  : Tomcat initialized with port(s): 8888 (http)
2020-11-26 19:02:40.325  INFO 11204 --- [restartedMain] o.apache.catalina.core.StandardService   : Starting service [Tomcat]
2020-11-26 19:02:40.326  INFO 11204 --- [restartedMain] org.apache.catalina.core.StandardEngine  : Starting Servlet engine: [Apache Tomcat/9.0.39]
2020-11-26 19:02:40.353  INFO 11204 --- [restartedMain] o.a.c.c.C.[Tomcat].[localhost].[/]       : Initializing Spring embedded WebApplicationContext
2020-11-26 19:02:40.354  INFO 11204 --- [restartedMain] w.s.c.ServletWebServerApplicationContext : Root WebApplicationContext: initialization completed in 640 ms
2020-11-26 19:02:40.881  INFO 11204 --- [restartedMain] com.lib.demo.config.ExecutorConfig       : Start Create ThreadPool
2020-11-26 19:02:40.956  INFO 11204 --- [restartedMain] o.s.b.d.a.OptionalLiveReloadServer       : LiveReload server is running on port 35729
2020-11-26 19:02:41.039  INFO 11204 --- [restartedMain] o.s.s.c.ThreadPoolTaskScheduler          : Initializing ExecutorService 'taskScheduler'
2020-11-26 19:02:41.162  INFO 11204 --- [restartedMain] d.s.w.p.DocumentationPluginsBootstrapper : Context refreshed
2020-11-26 19:02:41.163  INFO 11204 --- [restartedMain] d.s.w.p.DocumentationPluginsBootstrapper : Found 1 custom documentation plugin(s)
2020-11-26 19:02:41.166  INFO 11204 --- [restartedMain] s.d.s.w.s.ApiListingReferenceScanner     : Scanning for api listing references
2020-11-26 19:02:41.219  INFO 11204 --- [restartedMain] .d.s.w.r.o.CachingOperationNameGenerator : Generating unique operation named: insertBookUsingPOST_1
2020-11-26 19:02:41.374  INFO 11204 --- [restartedMain] o.s.b.w.embedded.tomcat.TomcatWebServer  : Tomcat started on port(s): 8888 (http) with context path ''
2020-11-26 19:02:41.375  INFO 11204 --- [restartedMain] com.lib.demo.LibraryApplication          : Started LibraryApplication in 1.714 seconds (JVM running for 19.882)
2020-11-26 19:02:41.378  INFO 11204 --- [restartedMain] .ConditionEvaluationDeltaLoggingListener : Condition evaluation unchanged
2020-11-26 19:02:42.612  INFO 11204 --- [Thread-10] o.s.s.c.ThreadPoolTaskScheduler          : Shutting down ExecutorService 'taskScheduler'
2020-11-26 19:02:42.950  INFO 11204 --- [restartedMain] com.lib.demo.LibraryApplication          : Starting LibraryApplication on PC-38 with PID 11204 (C:\Download\Library\Library\target\classes started by Administrator in C:\Download\Library\Library)
2020-11-26 19:02:42.950  INFO 11204 --- [restartedMain] com.lib.demo.LibraryApplication          : No active profile set, falling back to default profiles: default
2020-11-26 19:02:43.638  INFO 11204 --- [restartedMain] o.s.b.w.embedded.tomcat.TomcatWebServer  : Tomcat initialized with port(s): 8888 (http)
2020-11-26 19:02:43.639  INFO 11204 --- [restartedMain] o.apache.catalina.core.StandardService   : Starting service [Tomcat]
2020-11-26 19:02:43.639  INFO 11204 --- [restartedMain] org.apache.catalina.core.StandardEngine  : Starting Servlet engine: [Apache Tomcat/9.0.39]
2020-11-26 19:02:43.666  INFO 11204 --- [restartedMain] o.a.c.c.C.[Tomcat].[localhost].[/]       : Initializing Spring embedded WebApplicationContext
2020-11-26 19:02:43.666  INFO 11204 --- [restartedMain] w.s.c.ServletWebServerApplicationContext : Root WebApplicationContext: initialization completed in 712 ms
2020-11-26 19:02:44.143  INFO 11204 --- [restartedMain] com.lib.demo.config.ExecutorConfig       : Start Create ThreadPool
2020-11-26 19:02:44.209  INFO 11204 --- [restartedMain] o.s.b.d.a.OptionalLiveReloadServer       : LiveReload server is running on port 35729
2020-11-26 19:02:44.272  INFO 11204 --- [restartedMain] o.s.s.c.ThreadPoolTaskScheduler          : Initializing ExecutorService 'taskScheduler'
2020-11-26 19:02:44.344  INFO 11204 --- [restartedMain] d.s.w.p.DocumentationPluginsBootstrapper : Context refreshed
2020-11-26 19:02:44.345  INFO 11204 --- [restartedMain] d.s.w.p.DocumentationPluginsBootstrapper : Found 1 custom documentation plugin(s)
2020-11-26 19:02:44.347  INFO 11204 --- [restartedMain] s.d.s.w.s.ApiListingReferenceScanner     : Scanning for api listing references
2020-11-26 19:02:44.384  INFO 11204 --- [restartedMain] .d.s.w.r.o.CachingOperationNameGenerator : Generating unique operation named: insertBookUsingPOST_1
2020-11-26 19:02:44.495  INFO 11204 --- [restartedMain] o.s.b.w.embedded.tomcat.TomcatWebServer  : Tomcat started on port(s): 8888 (http) with context path ''
2020-11-26 19:02:44.495  INFO 11204 --- [restartedMain] com.lib.demo.LibraryApplication          : Started LibraryApplication in 1.591 seconds (JVM running for 23.002)
2020-11-26 19:02:44.497  INFO 11204 --- [restartedMain] .ConditionEvaluationDeltaLoggingListener : Condition evaluation unchanged
2020-11-26 19:02:54.034  INFO 11204 --- [Thread-15] o.s.s.c.ThreadPoolTaskScheduler          : Shutting down ExecutorService 'taskScheduler'
2020-11-26 19:02:54.397  INFO 11204 --- [restartedMain] com.lib.demo.LibraryApplication          : Starting LibraryApplication on PC-38 with PID 11204 (C:\Download\Library\Library\target\classes started by Administrator in C:\Download\Library\Library)
2020-11-26 19:02:54.397  INFO 11204 --- [restartedMain] com.lib.demo.LibraryApplication          : No active profile set, falling back to default profiles: default
2020-11-26 19:02:54.983  INFO 11204 --- [restartedMain] o.s.b.w.embedded.tomcat.TomcatWebServer  : Tomcat initialized with port(s): 8888 (http)
2020-11-26 19:02:54.984  INFO 11204 --- [restartedMain] o.apache.catalina.core.StandardService   : Starting service [Tomcat]
2020-11-26 19:02:54.984  INFO 11204 --- [restartedMain] org.apache.catalina.core.StandardEngine  : Starting Servlet engine: [Apache Tomcat/9.0.39]
2020-11-26 19:02:55.011  INFO 11204 --- [restartedMain] o.a.c.c.C.[Tomcat].[localhost].[/]       : Initializing Spring embedded WebApplicationContext
2020-11-26 19:02:55.011  INFO 11204 --- [restartedMain] w.s.c.ServletWebServerApplicationContext : Root WebApplicationContext: initialization completed in 610 ms
2020-11-26 19:02:55.446  INFO 11204 --- [restartedMain] com.lib.demo.config.ExecutorConfig       : Start Create ThreadPool
2020-11-26 19:02:55.514  INFO 11204 --- [restartedMain] o.s.b.d.a.OptionalLiveReloadServer       : LiveReload server is running on port 35729
2020-11-26 19:02:55.577  INFO 11204 --- [restartedMain] o.s.s.c.ThreadPoolTaskScheduler          : Initializing ExecutorService 'taskScheduler'
2020-11-26 19:02:55.642  INFO 11204 --- [restartedMain] d.s.w.p.DocumentationPluginsBootstrapper : Context refreshed
2020-11-26 19:02:55.643  INFO 11204 --- [restartedMain] d.s.w.p.DocumentationPluginsBootstrapper : Found 1 custom documentation plugin(s)
2020-11-26 19:02:55.645  INFO 11204 --- [restartedMain] s.d.s.w.s.ApiListingReferenceScanner     : Scanning for api listing references
2020-11-26 19:02:55.681  INFO 11204 --- [restartedMain] .d.s.w.r.o.CachingOperationNameGenerator : Generating unique operation named: insertBookUsingPOST_1
2020-11-26 19:02:55.794  INFO 11204 --- [restartedMain] o.s.b.w.embedded.tomcat.TomcatWebServer  : Tomcat started on port(s): 8888 (http) with context path ''
2020-11-26 19:02:55.794  INFO 11204 --- [restartedMain] com.lib.demo.LibraryApplication          : Started LibraryApplication in 1.443 seconds (JVM running for 34.301)
2020-11-26 19:02:55.796  INFO 11204 --- [restartedMain] .ConditionEvaluationDeltaLoggingListener : Condition evaluation unchanged
2020-11-26 19:04:44.339  INFO 11204 --- [http-nio-8888-exec-1] o.a.c.c.C.[Tomcat].[localhost].[/]       : Initializing Spring DispatcherServlet 'dispatcherServlet'
2020-11-26 19:04:44.340  INFO 11204 --- [http-nio-8888-exec-1] o.s.web.servlet.DispatcherServlet        : Initializing Servlet 'dispatcherServlet'
2020-11-26 19:04:44.351  INFO 11204 --- [http-nio-8888-exec-1] o.s.web.servlet.DispatcherServlet        : Completed initialization in 10 ms
2020-11-26 19:04:44.490  INFO 11204 --- [http-nio-8888-exec-2] com.zaxxer.hikari.HikariDataSource       : HikariPool-1 - Starting...
2020-11-26 19:04:44.732  INFO 11204 --- [http-nio-8888-exec-2] com.zaxxer.hikari.HikariDataSource       : HikariPool-1 - Start completed.
2020-11-26 19:06:31.200  INFO 11204 --- [RMI TCP Connection(6)-127.0.0.1] inMXBeanRegistrar$SpringApplicationAdmin : Application shutdown requested.
2020-11-26 19:06:31.204  INFO 11204 --- [RMI TCP Connection(6)-127.0.0.1] o.s.s.c.ThreadPoolTaskScheduler          : Shutting down ExecutorService 'taskScheduler'
2020-11-26 19:06:31.206  INFO 11204 --- [RMI TCP Connection(6)-127.0.0.1] com.zaxxer.hikari.HikariDataSource       : HikariPool-1 - Shutdown initiated...
2020-11-26 19:06:31.212  INFO 11204 --- [RMI TCP Connection(6)-127.0.0.1] com.zaxxer.hikari.HikariDataSource       : HikariPool-1 - Shutdown completed.
2020-11-26 19:06:36.387  INFO 8388 --- [restartedMain] com.lib.demo.LibraryApplication          : Starting LibraryApplication on PC-38 with PID 8388 (C:\Download\Library\Library\target\classes started by Administrator in C:\Download\Library\Library)
2020-11-26 19:06:36.393  INFO 8388 --- [restartedMain] com.lib.demo.LibraryApplication          : No active profile set, falling back to default profiles: default
2020-11-26 19:06:36.503  INFO 8388 --- [restartedMain] .e.DevToolsPropertyDefaultsPostProcessor : Devtools property defaults active! Set 'spring.devtools.add-properties' to 'false' to disable
2020-11-26 19:06:36.503  INFO 8388 --- [restartedMain] .e.DevToolsPropertyDefaultsPostProcessor : For additional web related logging consider setting the 'logging.level.web' property to 'DEBUG'
2020-11-26 19:06:38.887  INFO 8388 --- [restartedMain] o.s.b.w.embedded.tomcat.TomcatWebServer  : Tomcat initialized with port(s): 8888 (http)
2020-11-26 19:06:38.904  INFO 8388 --- [restartedMain] o.apache.catalina.core.StandardService   : Starting service [Tomcat]
2020-11-26 19:06:38.905  INFO 8388 --- [restartedMain] org.apache.catalina.core.StandardEngine  : Starting Servlet engine: [Apache Tomcat/9.0.39]
2020-11-26 19:06:39.048  INFO 8388 --- [restartedMain] o.a.c.c.C.[Tomcat].[localhost].[/]       : Initializing Spring embedded WebApplicationContext
2020-11-26 19:06:39.049  INFO 8388 --- [restartedMain] w.s.c.ServletWebServerApplicationContext : Root WebApplicationContext: initialization completed in 2545 ms
2020-11-26 19:07:33.713  INFO 9276 --- [restartedMain] com.lib.demo.LibraryApplication          : Starting LibraryApplication on PC-38 with PID 9276 (C:\Download\Library\Library\target\classes started by Administrator in C:\Download\Library\Library)
2020-11-26 19:07:33.718  INFO 9276 --- [restartedMain] com.lib.demo.LibraryApplication          : No active profile set, falling back to default profiles: default
2020-11-26 19:07:33.807  INFO 9276 --- [restartedMain] .e.DevToolsPropertyDefaultsPostProcessor : Devtools property defaults active! Set 'spring.devtools.add-properties' to 'false' to disable
2020-11-26 19:07:33.807  INFO 9276 --- [restartedMain] .e.DevToolsPropertyDefaultsPostProcessor : For additional web related logging consider setting the 'logging.level.web' property to 'DEBUG'
2020-11-26 19:07:36.170  INFO 9276 --- [restartedMain] o.s.b.w.embedded.tomcat.TomcatWebServer  : Tomcat initialized with port(s): 8888 (http)
2020-11-26 19:07:36.187  INFO 9276 --- [restartedMain] o.apache.catalina.core.StandardService   : Starting service [Tomcat]
2020-11-26 19:07:36.188  INFO 9276 --- [restartedMain] org.apache.catalina.core.StandardEngine  : Starting Servlet engine: [Apache Tomcat/9.0.39]
2020-11-26 19:07:36.327  INFO 9276 --- [restartedMain] o.a.c.c.C.[Tomcat].[localhost].[/]       : Initializing Spring embedded WebApplicationContext
2020-11-26 19:07:36.329  INFO 9276 --- [restartedMain] w.s.c.ServletWebServerApplicationContext : Root WebApplicationContext: initialization completed in 2521 ms
2020-11-26 19:09:56.475  INFO 6764 --- [main] com.lib.demo.LibraryApplicationTests     : Starting LibraryApplicationTests on PC-38 with PID 6764 (started by Administrator in C:\Download\Library\Library)
2020-11-26 19:09:56.479  INFO 6764 --- [main] com.lib.demo.LibraryApplicationTests     : No active profile set, falling back to default profiles: default
2020-11-26 19:10:02.435  INFO 6764 --- [main] com.lib.demo.config.ExecutorConfig       : Start Create ThreadPool
2020-11-26 19:10:04.557  INFO 6764 --- [main] o.s.s.c.ThreadPoolTaskScheduler          : Initializing ExecutorService 'taskScheduler'
2020-11-26 19:10:04.723  INFO 6764 --- [main] d.s.w.p.DocumentationPluginsBootstrapper : Context refreshed
2020-11-26 19:10:04.782  INFO 6764 --- [main] d.s.w.p.DocumentationPluginsBootstrapper : Found 1 custom documentation plugin(s)
2020-11-26 19:10:04.806  INFO 6764 --- [main] s.d.s.w.s.ApiListingReferenceScanner     : Scanning for api listing references
2020-11-26 19:10:05.139  INFO 6764 --- [main] .d.s.w.r.o.CachingOperationNameGenerator : Generating unique operation named: insertBookUsingPOST_1
2020-11-26 19:10:05.493  INFO 6764 --- [main] com.lib.demo.LibraryApplicationTests     : Started LibraryApplicationTests in 9.644 seconds (JVM running for 11.39)
2020-11-26 19:10:06.132  INFO 6764 --- [SpringContextShutdownHook] o.s.s.c.ThreadPoolTaskScheduler          : Shutting down ExecutorService 'taskScheduler'
2020-11-26 19:11:28.834  INFO 8780 --- [restartedMain] com.lib.demo.LibraryApplication          : Starting LibraryApplication on PC-38 with PID 8780 (C:\Download\Library\Library\target\classes started by Administrator in C:\Download\Library\Library)
2020-11-26 19:11:28.858  INFO 8780 --- [restartedMain] com.lib.demo.LibraryApplication          : No active profile set, falling back to default profiles: default
2020-11-26 19:11:29.105  INFO 8780 --- [restartedMain] .e.DevToolsPropertyDefaultsPostProcessor : Devtools property defaults active! Set 'spring.devtools.add-properties' to 'false' to disable
2020-11-26 19:11:29.107  INFO 8780 --- [restartedMain] .e.DevToolsPropertyDefaultsPostProcessor : For additional web related logging consider setting the 'logging.level.web' property to 'DEBUG'
2020-11-26 19:11:33.737  INFO 8780 --- [restartedMain] o.s.b.w.embedded.tomcat.TomcatWebServer  : Tomcat initialized with port(s): 8888 (http)
2020-11-26 19:11:33.765  INFO 8780 --- [restartedMain] o.apache.catalina.core.StandardService   : Starting service [Tomcat]
2020-11-26 19:11:33.766  INFO 8780 --- [restartedMain] org.apache.catalina.core.StandardEngine  : Starting Servlet engine: [Apache Tomcat/9.0.39]
2020-11-26 19:11:34.139  INFO 8780 --- [restartedMain] o.a.c.c.C.[Tomcat].[localhost].[/]       : Initializing Spring embedded WebApplicationContext
2020-11-26 19:11:34.140  INFO 8780 --- [restartedMain] w.s.c.ServletWebServerApplicationContext : Root WebApplicationContext: initialization completed in 5031 ms
2020-11-26 19:12:22.162  INFO 8780 --- [restartedMain] com.lib.demo.config.ExecutorConfig       : Start Create ThreadPool
2020-11-26 19:12:40.528  INFO 8780 --- [restartedMain] o.s.b.d.a.OptionalLiveReloadServer       : LiveReload server is running on port 35729
2020-11-26 19:13:13.977  INFO 8780 --- [restartedMain] o.s.s.c.ThreadPoolTaskScheduler          : Initializing ExecutorService 'taskScheduler'
2020-11-26 19:13:25.155  INFO 8780 --- [restartedMain] d.s.w.p.DocumentationPluginsBootstrapper : Context refreshed
2020-11-26 19:13:27.013  INFO 8780 --- [restartedMain] d.s.w.p.DocumentationPluginsBootstrapper : Found 1 custom documentation plugin(s)
2020-11-26 19:13:28.021  INFO 8780 --- [restartedMain] s.d.s.w.s.ApiListingReferenceScanner     : Scanning for api listing references
2020-11-26 19:13:47.967  INFO 8780 --- [restartedMain] .d.s.w.r.o.CachingOperationNameGenerator : Generating unique operation named: insertBookUsingPOST_1
2020-11-26 19:14:02.128  INFO 8448 --- [restartedMain] com.lib.demo.LibraryApplication          : Starting LibraryApplication on PC-38 with PID 8448 (C:\Download\Library\Library\target\classes started by Administrator in C:\Download\Library\Library)
2020-11-26 19:14:02.134  INFO 8448 --- [restartedMain] com.lib.demo.LibraryApplication          : No active profile set, falling back to default profiles: default
2020-11-26 19:14:02.282  INFO 8448 --- [restartedMain] .e.DevToolsPropertyDefaultsPostProcessor : Devtools property defaults active! Set 'spring.devtools.add-properties' to 'false' to disable
2020-11-26 19:14:02.282  INFO 8448 --- [restartedMain] .e.DevToolsPropertyDefaultsPostProcessor : For additional web related logging consider setting the 'logging.level.web' property to 'DEBUG'
2020-11-26 19:14:06.021  INFO 8448 --- [restartedMain] o.s.b.w.embedded.tomcat.TomcatWebServer  : Tomcat initialized with port(s): 8888 (http)
2020-11-26 19:14:06.040  INFO 8448 --- [restartedMain] o.apache.catalina.core.StandardService   : Starting service [Tomcat]
2020-11-26 19:14:06.041  INFO 8448 --- [restartedMain] org.apache.catalina.core.StandardEngine  : Starting Servlet engine: [Apache Tomcat/9.0.39]
2020-11-26 19:14:06.221  INFO 8448 --- [restartedMain] o.a.c.c.C.[Tomcat].[localhost].[/]       : Initializing Spring embedded WebApplicationContext
2020-11-26 19:14:06.222  INFO 8448 --- [restartedMain] w.s.c.ServletWebServerApplicationContext : Root WebApplicationContext: initialization completed in 3940 ms
2020-11-26 19:14:08.446  INFO 8448 --- [restartedMain] com.lib.demo.config.ExecutorConfig       : Start Create ThreadPool
2020-11-26 19:14:08.720  INFO 8448 --- [restartedMain] o.s.b.d.a.OptionalLiveReloadServer       : LiveReload server is running on port 35729
2020-11-26 19:14:09.211  INFO 8448 --- [restartedMain] o.s.s.c.ThreadPoolTaskScheduler          : Initializing ExecutorService 'taskScheduler'
2020-11-26 19:14:09.348  INFO 8448 --- [restartedMain] d.s.w.p.DocumentationPluginsBootstrapper : Context refreshed
2020-11-26 19:14:09.388  INFO 8448 --- [restartedMain] d.s.w.p.DocumentationPluginsBootstrapper : Found 1 custom documentation plugin(s)
2020-11-26 19:14:09.409  INFO 8448 --- [restartedMain] s.d.s.w.s.ApiListingReferenceScanner     : Scanning for api listing references
2020-11-26 19:14:09.718  INFO 8448 --- [restartedMain] .d.s.w.r.o.CachingOperationNameGenerator : Generating unique operation named: insertBookUsingPOST_1
2020-11-26 19:14:10.068  INFO 8448 --- [restartedMain] o.s.b.w.embedded.tomcat.TomcatWebServer  : Tomcat started on port(s): 8888 (http) with context path ''
2020-11-26 19:14:10.072  INFO 8448 --- [restartedMain] com.lib.demo.LibraryApplication          : Started LibraryApplication in 8.74 seconds (JVM running for 9.687)
2020-11-26 19:14:16.402  INFO 8448 --- [http-nio-8888-exec-1] o.a.c.c.C.[Tomcat].[localhost].[/]       : Initializing Spring DispatcherServlet 'dispatcherServlet'
2020-11-26 19:14:16.403  INFO 8448 --- [http-nio-8888-exec-1] o.s.web.servlet.DispatcherServlet        : Initializing Servlet 'dispatcherServlet'
2020-11-26 19:14:16.418  INFO 8448 --- [http-nio-8888-exec-1] o.s.web.servlet.DispatcherServlet        : Completed initialization in 14 ms
2020-11-26 19:14:16.607  INFO 8448 --- [http-nio-8888-exec-1] com.zaxxer.hikari.HikariDataSource       : HikariPool-1 - Starting...
2020-11-26 19:14:16.996  INFO 8448 --- [http-nio-8888-exec-1] com.zaxxer.hikari.HikariDataSource       : HikariPool-1 - Start completed.
2020-11-26 19:40:52.167  INFO 8444 --- [main] com.lib.demo.LibraryApplicationTests     : Starting LibraryApplicationTests on PC-38 with PID 8444 (started by Administrator in C:\Download\Library\Library)
2020-11-26 19:40:52.172  INFO 8444 --- [main] com.lib.demo.LibraryApplicationTests     : No active profile set, falling back to default profiles: default
2020-11-26 19:40:58.136  INFO 8444 --- [main] com.lib.demo.config.ExecutorConfig       : Start Create ThreadPool
2020-11-26 19:40:59.894  INFO 8444 --- [main] o.s.s.c.ThreadPoolTaskScheduler          : Initializing ExecutorService 'taskScheduler'
2020-11-26 19:41:00.086  INFO 8444 --- [main] d.s.w.p.DocumentationPluginsBootstrapper : Context refreshed
2020-11-26 19:41:00.126  INFO 8444 --- [main] d.s.w.p.DocumentationPluginsBootstrapper : Found 1 custom documentation plugin(s)
2020-11-26 19:41:00.144  INFO 8444 --- [main] s.d.s.w.s.ApiListingReferenceScanner     : Scanning for api listing references
2020-11-26 19:41:00.584  INFO 8444 --- [main] .d.s.w.r.o.CachingOperationNameGenerator : Generating unique operation named: insertBookUsingPOST_1
2020-11-26 19:41:01.012  INFO 8444 --- [main] com.lib.demo.LibraryApplicationTests     : Started LibraryApplicationTests in 9.428 seconds (JVM running for 11.332)
2020-11-26 19:41:01.651  INFO 8444 --- [SpringContextShutdownHook] o.s.s.c.ThreadPoolTaskScheduler          : Shutting down ExecutorService 'taskScheduler'
